<?xml version="1.0" encoding="UTF-8"?>
<!-- Generated by org.testng.reporters.JUnitReportReporter -->
<testsuite skipped="0" hostname="LN0C5772E6454B" name="seleniunInDocker.GoogleTest" tests="1" failures="0" timestamp="03 Jun 2018 22:45:02 GMT" time="2.665" errors="0">
  <testcase name="googleTest" time="2.665" classname="seleniunInDocker.GoogleTest"/>
</testsuite> <!-- seleniunInDocker.GoogleTest -->
