<?xml version="1.0" encoding="UTF-8"?>
<!-- Generated by org.testng.reporters.JUnitReportReporter -->
<testsuite skipped="0" hostname="LN0C5772E6454B" name="seleniunInDocker.UploadFileTest" tests="1" failures="0" timestamp="08 Aug 2018 04:43:08 GMT" time="3.634" errors="0">
  <testcase name="uploadFileTest" time="3.634" classname="seleniunInDocker.UploadFileTest"/>
</testsuite> <!-- seleniunInDocker.UploadFileTest -->
