<?xml version="1.0" encoding="UTF-8"?>
<!-- Generated by org.testng.reporters.JUnitReportReporter -->
<testsuite skipped="0" hostname="LN0C5772E6454B" name="seleniunInDocker.DownloadTest" tests="1" failures="0" timestamp="08 Aug 2018 04:43:08 GMT" time="1.688" errors="0">
  <testcase name="pageObjectForDownload" time="1.688" classname="seleniunInDocker.DownloadTest"/>
</testsuite> <!-- seleniunInDocker.DownloadTest -->
